/!\ FAILSAFE /!\  Fri Nov 13 20:38:02 -0500 2009
  Status: 500 Internal Server Error
  Access denied for user 'root'@'localhost' (using password: NO)
    c:/ruby/lib/ruby/gems/1.8/gems/activerecord-2.3.4/lib/active_record/connection_adapters/mysql_adapter.rb:585:in `real_connect'
    c:/ruby/lib/ruby/gems/1.8/gems/activerecord-2.3.4/lib/active_record/connection_adapters/mysql_adapter.rb:585:in `connect'
    c:/ruby/lib/ruby/gems/1.8/gems/activerecord-2.3.4/lib/active_record/connection_adapters/mysql_adapter.rb:199:in `initialize'
    c:/ruby/lib/ruby/gems/1.8/gems/activerecord-2.3.4/lib/active_record/connection_adapters/mysql_adapter.rb:71:in `new'
    c:/ruby/lib/ruby/gems/1.8/gems/activerecord-2.3.4/lib/active_record/connection_adapters/mysql_adapter.rb:71:in `mysql_connection'
    c:/ruby/lib/ruby/gems/1.8/gems/activerecord-2.3.4/lib/active_record/connection_adapters/abstract/connection_pool.rb:223:in `send'
    c:/ruby/lib/ruby/gems/1.8/gems/activerecord-2.3.4/lib/active_record/connection_adapters/abstract/connection_pool.rb:223:in `new_connection'
    c:/ruby/lib/ruby/gems/1.8/gems/activerecord-2.3.4/lib/active_record/connection_adapters/abstract/connection_pool.rb:245:in `checkout_new_connection'
    c:/ruby/lib/ruby/gems/1.8/gems/activerecord-2.3.4/lib/active_record/connection_adapters/abstract/connection_pool.rb:188:in `checkout'
    c:/ruby/lib/ruby/gems/1.8/gems/activerecord-2.3.4/lib/active_record/connection_adapters/abstract/connection_pool.rb:184:in `loop'
    c:/ruby/lib/ruby/gems/1.8/gems/activerecord-2.3.4/lib/active_record/connection_adapters/abstract/connection_pool.rb:184:in `checkout'
    c:/ruby/lib/ruby/1.8/monitor.rb:242:in `synchronize'
    c:/ruby/lib/ruby/gems/1.8/gems/activerecord-2.3.4/lib/active_record/connection_adapters/abstract/connection_pool.rb:183:in `checkout'
    c:/ruby/lib/ruby/gems/1.8/gems/activerecord-2.3.4/lib/active_record/connection_adapters/abstract/connection_pool.rb:98:in `connection'
    c:/ruby/lib/ruby/gems/1.8/gems/activerecord-2.3.4/lib/active_record/connection_adapters/abstract/connection_pool.rb:326:in `retrieve_connection'
    c:/ruby/lib/ruby/gems/1.8/gems/activerecord-2.3.4/lib/active_record/connection_adapters/abstract/connection_specification.rb:123:in `retrieve_connection'
    c:/ruby/lib/ruby/gems/1.8/gems/activerecord-2.3.4/lib/active_record/connection_adapters/abstract/connection_specification.rb:115:in `connection'
    c:/ruby/lib/ruby/gems/1.8/gems/activerecord-2.3.4/lib/active_record/query_cache.rb:9:in `cache'
    c:/ruby/lib/ruby/gems/1.8/gems/activerecord-2.3.4/lib/active_record/query_cache.rb:28:in `call'
    c:/ruby/lib/ruby/gems/1.8/gems/activerecord-2.3.4/lib/active_record/connection_adapters/abstract/connection_pool.rb:361:in `call'
    c:/ruby/lib/ruby/gems/1.8/gems/rack-1.0.0/lib/rack/head.rb:9:in `call'
    c:/ruby/lib/ruby/gems/1.8/gems/rack-1.0.0/lib/rack/methodoverride.rb:24:in `call'
    c:/ruby/lib/ruby/gems/1.8/gems/actionpack-2.3.4/lib/action_controller/params_parser.rb:15:in `call'
    c:/ruby/lib/ruby/gems/1.8/gems/actionpack-2.3.4/lib/action_controller/session/cookie_store.rb:93:in `call'
    c:/ruby/lib/ruby/gems/1.8/gems/actionpack-2.3.4/lib/action_controller/failsafe.rb:26:in `call'
    c:/ruby/lib/ruby/gems/1.8/gems/rack-1.0.0/lib/rack/lock.rb:11:in `call'
    c:/ruby/lib/ruby/gems/1.8/gems/rack-1.0.0/lib/rack/lock.rb:11:in `synchronize'
    c:/ruby/lib/ruby/gems/1.8/gems/rack-1.0.0/lib/rack/lock.rb:11:in `call'
    c:/ruby/lib/ruby/gems/1.8/gems/actionpack-2.3.4/lib/action_controller/dispatcher.rb:114:in `call'
    c:/ruby/lib/ruby/gems/1.8/gems/actionpack-2.3.4/lib/action_controller/reloader.rb:34:in `run'
    c:/ruby/lib/ruby/gems/1.8/gems/actionpack-2.3.4/lib/action_controller/dispatcher.rb:108:in `call'
    c:/ruby/lib/ruby/gems/1.8/gems/rails-2.3.4/lib/rails/rack/static.rb:31:in `call'
    c:/ruby/lib/ruby/gems/1.8/gems/rack-1.0.0/lib/rack/urlmap.rb:46:in `call'
    c:/ruby/lib/ruby/gems/1.8/gems/rack-1.0.0/lib/rack/urlmap.rb:40:in `each'
    c:/ruby/lib/ruby/gems/1.8/gems/rack-1.0.0/lib/rack/urlmap.rb:40:in `call'
    c:/ruby/lib/ruby/gems/1.8/gems/rails-2.3.4/lib/rails/rack/log_tailer.rb:17:in `call'
    c:/ruby/lib/ruby/gems/1.8/gems/rack-1.0.0/lib/rack/content_length.rb:13:in `call'
    c:/ruby/lib/ruby/gems/1.8/gems/rack-1.0.0/lib/rack/chunked.rb:15:in `call'
    c:/ruby/lib/ruby/gems/1.8/gems/rack-1.0.0/lib/rack/handler/mongrel.rb:61:in `process'
    c:/ruby/lib/ruby/gems/1.8/gems/mongrel-1.1.5-x86-mswin32-60/lib/mongrel.rb:159:in `process_client'
    c:/ruby/lib/ruby/gems/1.8/gems/mongrel-1.1.5-x86-mswin32-60/lib/mongrel.rb:158:in `each'
    c:/ruby/lib/ruby/gems/1.8/gems/mongrel-1.1.5-x86-mswin32-60/lib/mongrel.rb:158:in `process_client'
    c:/ruby/lib/ruby/gems/1.8/gems/mongrel-1.1.5-x86-mswin32-60/lib/mongrel.rb:285:in `run'
    c:/ruby/lib/ruby/gems/1.8/gems/mongrel-1.1.5-x86-mswin32-60/lib/mongrel.rb:285:in `initialize'
    c:/ruby/lib/ruby/gems/1.8/gems/mongrel-1.1.5-x86-mswin32-60/lib/mongrel.rb:285:in `new'
    c:/ruby/lib/ruby/gems/1.8/gems/mongrel-1.1.5-x86-mswin32-60/lib/mongrel.rb:285:in `run'
    c:/ruby/lib/ruby/gems/1.8/gems/mongrel-1.1.5-x86-mswin32-60/lib/mongrel.rb:268:in `initialize'
    c:/ruby/lib/ruby/gems/1.8/gems/mongrel-1.1.5-x86-mswin32-60/lib/mongrel.rb:268:in `new'
    c:/ruby/lib/ruby/gems/1.8/gems/mongrel-1.1.5-x86-mswin32-60/lib/mongrel.rb:268:in `run'
    c:/ruby/lib/ruby/gems/1.8/gems/rack-1.0.0/lib/rack/handler/mongrel.rb:34:in `run'
    c:/ruby/lib/ruby/gems/1.8/gems/rails-2.3.4/lib/commands/server.rb:111
    c:/ruby/lib/ruby/site_ruby/1.8/rubygems/custom_require.rb:31:in `gem_original_require'
    c:/ruby/lib/ruby/site_ruby/1.8/rubygems/custom_require.rb:31:in `require'
    ./script/server:3
    -e:2:in `load'
    -e:2
/!\ FAILSAFE /!\  Fri Nov 13 20:38:02 -0500 2009
  Status: 500 Internal Server Error
  Access denied for user 'root'@'localhost' (using password: NO)
    c:/ruby/lib/ruby/gems/1.8/gems/activerecord-2.3.4/lib/active_record/connection_adapters/mysql_adapter.rb:585:in `real_connect'
    c:/ruby/lib/ruby/gems/1.8/gems/activerecord-2.3.4/lib/active_record/connection_adapters/mysql_adapter.rb:585:in `connect'
    c:/ruby/lib/ruby/gems/1.8/gems/activerecord-2.3.4/lib/active_record/connection_adapters/mysql_adapter.rb:199:in `initialize'
    c:/ruby/lib/ruby/gems/1.8/gems/activerecord-2.3.4/lib/active_record/connection_adapters/mysql_adapter.rb:71:in `new'
    c:/ruby/lib/ruby/gems/1.8/gems/activerecord-2.3.4/lib/active_record/connection_adapters/mysql_adapter.rb:71:in `mysql_connection'
    c:/ruby/lib/ruby/gems/1.8/gems/activerecord-2.3.4/lib/active_record/connection_adapters/abstract/connection_pool.rb:223:in `send'
    c:/ruby/lib/ruby/gems/1.8/gems/activerecord-2.3.4/lib/active_record/connection_adapters/abstract/connection_pool.rb:223:in `new_connection'
    c:/ruby/lib/ruby/gems/1.8/gems/activerecord-2.3.4/lib/active_record/connection_adapters/abstract/connection_pool.rb:245:in `checkout_new_connection'
    c:/ruby/lib/ruby/gems/1.8/gems/activerecord-2.3.4/lib/active_record/connection_adapters/abstract/connection_pool.rb:188:in `checkout'
    c:/ruby/lib/ruby/gems/1.8/gems/activerecord-2.3.4/lib/active_record/connection_adapters/abstract/connection_pool.rb:184:in `loop'
    c:/ruby/lib/ruby/gems/1.8/gems/activerecord-2.3.4/lib/active_record/connection_adapters/abstract/connection_pool.rb:184:in `checkout'
    c:/ruby/lib/ruby/1.8/monitor.rb:242:in `synchronize'
    c:/ruby/lib/ruby/gems/1.8/gems/activerecord-2.3.4/lib/active_record/connection_adapters/abstract/connection_pool.rb:183:in `checkout'
    c:/ruby/lib/ruby/gems/1.8/gems/activerecord-2.3.4/lib/active_record/connection_adapters/abstract/connection_pool.rb:98:in `connection'
    c:/ruby/lib/ruby/gems/1.8/gems/activerecord-2.3.4/lib/active_record/connection_adapters/abstract/connection_pool.rb:326:in `retrieve_connection'
    c:/ruby/lib/ruby/gems/1.8/gems/activerecord-2.3.4/lib/active_record/connection_adapters/abstract/connection_specification.rb:123:in `retrieve_connection'
    c:/ruby/lib/ruby/gems/1.8/gems/activerecord-2.3.4/lib/active_record/connection_adapters/abstract/connection_specification.rb:115:in `connection'
    c:/ruby/lib/ruby/gems/1.8/gems/activerecord-2.3.4/lib/active_record/query_cache.rb:9:in `cache'
    c:/ruby/lib/ruby/gems/1.8/gems/activerecord-2.3.4/lib/active_record/query_cache.rb:28:in `call'
    c:/ruby/lib/ruby/gems/1.8/gems/activerecord-2.3.4/lib/active_record/connection_adapters/abstract/connection_pool.rb:361:in `call'
    c:/ruby/lib/ruby/gems/1.8/gems/rack-1.0.0/lib/rack/head.rb:9:in `call'
    c:/ruby/lib/ruby/gems/1.8/gems/rack-1.0.0/lib/rack/methodoverride.rb:24:in `call'
    c:/ruby/lib/ruby/gems/1.8/gems/actionpack-2.3.4/lib/action_controller/params_parser.rb:15:in `call'
    c:/ruby/lib/ruby/gems/1.8/gems/actionpack-2.3.4/lib/action_controller/session/cookie_store.rb:93:in `call'
    c:/ruby/lib/ruby/gems/1.8/gems/actionpack-2.3.4/lib/action_controller/failsafe.rb:26:in `call'
    c:/ruby/lib/ruby/gems/1.8/gems/rack-1.0.0/lib/rack/lock.rb:11:in `call'
    c:/ruby/lib/ruby/gems/1.8/gems/rack-1.0.0/lib/rack/lock.rb:11:in `synchronize'
    c:/ruby/lib/ruby/gems/1.8/gems/rack-1.0.0/lib/rack/lock.rb:11:in `call'
    c:/ruby/lib/ruby/gems/1.8/gems/actionpack-2.3.4/lib/action_controller/dispatcher.rb:114:in `call'
    c:/ruby/lib/ruby/gems/1.8/gems/actionpack-2.3.4/lib/action_controller/reloader.rb:34:in `run'
    c:/ruby/lib/ruby/gems/1.8/gems/actionpack-2.3.4/lib/action_controller/dispatcher.rb:108:in `call'
    c:/ruby/lib/ruby/gems/1.8/gems/rails-2.3.4/lib/rails/rack/static.rb:31:in `call'
    c:/ruby/lib/ruby/gems/1.8/gems/rack-1.0.0/lib/rack/urlmap.rb:46:in `call'
    c:/ruby/lib/ruby/gems/1.8/gems/rack-1.0.0/lib/rack/urlmap.rb:40:in `each'
    c:/ruby/lib/ruby/gems/1.8/gems/rack-1.0.0/lib/rack/urlmap.rb:40:in `call'
    c:/ruby/lib/ruby/gems/1.8/gems/rails-2.3.4/lib/rails/rack/log_tailer.rb:17:in `call'
    c:/ruby/lib/ruby/gems/1.8/gems/rack-1.0.0/lib/rack/content_length.rb:13:in `call'
    c:/ruby/lib/ruby/gems/1.8/gems/rack-1.0.0/lib/rack/chunked.rb:15:in `call'
    c:/ruby/lib/ruby/gems/1.8/gems/rack-1.0.0/lib/rack/handler/mongrel.rb:61:in `process'
    c:/ruby/lib/ruby/gems/1.8/gems/mongrel-1.1.5-x86-mswin32-60/lib/mongrel.rb:159:in `process_client'
    c:/ruby/lib/ruby/gems/1.8/gems/mongrel-1.1.5-x86-mswin32-60/lib/mongrel.rb:158:in `each'
    c:/ruby/lib/ruby/gems/1.8/gems/mongrel-1.1.5-x86-mswin32-60/lib/mongrel.rb:158:in `process_client'
    c:/ruby/lib/ruby/gems/1.8/gems/mongrel-1.1.5-x86-mswin32-60/lib/mongrel.rb:285:in `run'
    c:/ruby/lib/ruby/gems/1.8/gems/mongrel-1.1.5-x86-mswin32-60/lib/mongrel.rb:285:in `initialize'
    c:/ruby/lib/ruby/gems/1.8/gems/mongrel-1.1.5-x86-mswin32-60/lib/mongrel.rb:285:in `new'
    c:/ruby/lib/ruby/gems/1.8/gems/mongrel-1.1.5-x86-mswin32-60/lib/mongrel.rb:285:in `run'
    c:/ruby/lib/ruby/gems/1.8/gems/mongrel-1.1.5-x86-mswin32-60/lib/mongrel.rb:268:in `initialize'
    c:/ruby/lib/ruby/gems/1.8/gems/mongrel-1.1.5-x86-mswin32-60/lib/mongrel.rb:268:in `new'
    c:/ruby/lib/ruby/gems/1.8/gems/mongrel-1.1.5-x86-mswin32-60/lib/mongrel.rb:268:in `run'
    c:/ruby/lib/ruby/gems/1.8/gems/rack-1.0.0/lib/rack/handler/mongrel.rb:34:in `run'
    c:/ruby/lib/ruby/gems/1.8/gems/rails-2.3.4/lib/commands/server.rb:111
    c:/ruby/lib/ruby/site_ruby/1.8/rubygems/custom_require.rb:31:in `gem_original_require'
    c:/ruby/lib/ruby/site_ruby/1.8/rubygems/custom_require.rb:31:in `require'
    ./script/server:3
    -e:2:in `load'
    -e:2
